
build-subprojects:

init:

build-project:
     [echo] WhackaPodUIAuto: /home/vagrant/test1/WhackaPodUIAuto/checkbuild.xml

build:

Checktext:
    [junit] Running UITestCases.test.Checktext
    [junit] Tests run: 1, Failures: 1, Errors: 0, Skipped: 0, Time elapsed: 12.564 sec
    [junit] Output:
    [junit] 16:37:42.063 [main] framework.global.Configuration.init(Configuration.java:56)evel Configuration Initializing...
    [junit] 16:37:42.072 [main] framework.global.Configuration.parseXML(Configuration.java:720)evel Reading server and Hardware info...
    [junit] 16:37:42.073 [main] framework.global.Configuration.parseXML(Configuration.java:750)evel ServerConfig.xml is parsed successfully.
    [junit] 16:37:42.074 [main] framework.global.Configuration.getlibrarydata(Configuration.java:833)evel Set SrvConfig successfully.
    [junit] 16:37:42.137 [main] framework.global.Configuration.init(Configuration.java:56)evel Configuration Initializing...
    [junit] 16:37:42.142 [main] framework.global.Configuration.parseXML(Configuration.java:720)evel Reading server and Hardware info...
    [junit] 16:37:42.142 [main] framework.global.Configuration.parseXML(Configuration.java:750)evel ServerConfig.xml is parsed successfully.
    [junit] 16:37:42.143 [main] framework.global.Configuration.getlibrarydata(Configuration.java:833)evel Set SrvConfig successfully.
    [junit] 16:37:42.143 [main] UITestCases.test.Checktext.setUpBeforeClass(Checktext.java:36)evel Checktext:
    [junit] 16:37:45.190 [main] UITestCases.test.Checktext.test(Checktext.java:54)evel Open the Oracle Microservice Development Toolkit application page:
    [junit] 16:37:46.452 [main] UITestCases.test.Checktext.test(Checktext.java:58)evel text: Hello from Oracle Microservice Development Toolkit!
    [junit] Hello from Oracle Microservice Development Toolkit!16:37:54.513 [main] UITestCases.test.Checktext.test(Checktext.java:72)evel assert: false
    [junit] 16:37:54.586 [main] exception.AssertErrorException.<init>(AssertErrorException.java:19)evel Errors on verification.
    [junit] 16:37:54.587 [main] exception.AssertErrorException.<init>(AssertErrorException.java:20)evel 20180817-163754_UITestCases.test.Checktext.png
    [junit] 16:37:54.587 [main] exception.AssertErrorException.<init>(AssertErrorException.java:21)evel 
    [junit] java.lang.AssertionError
    [junit] 	at org.junit.Assert.fail(Assert.java:86)
    [junit] 	at org.junit.Assert.assertTrue(Assert.java:41)
    [junit] 	at org.junit.Assert.assertTrue(Assert.java:52)
    [junit] 	at util.Assert.verifyTrue(Assert.java:17)
    [junit] 	at UITestCases.test.Checktext.test(Checktext.java:73)
    [junit] 	at sun.reflect.NativeMethodAccessorImpl.invoke0(Native Method)
    [junit] 	at sun.reflect.NativeMethodAccessorImpl.invoke(NativeMethodAccessorImpl.java:62)
    [junit] 	at sun.reflect.DelegatingMethodAccessorImpl.invoke(DelegatingMethodAccessorImpl.java:43)
    [junit] 	at java.lang.reflect.Method.invoke(Method.java:498)
    [junit] 	at org.junit.runners.model.FrameworkMethod$1.runReflectiveCall(FrameworkMethod.java:47)
    [junit] 	at org.junit.internal.runners.model.ReflectiveCallable.run(ReflectiveCallable.java:12)
    [junit] 	at org.junit.runners.model.FrameworkMethod.invokeExplosively(FrameworkMethod.java:44)
    [junit] 	at org.junit.internal.runners.statements.InvokeMethod.evaluate(InvokeMethod.java:17)
    [junit] 	at org.junit.internal.runners.statements.RunBefores.evaluate(RunBefores.java:26)
    [junit] 	at org.junit.runners.ParentRunner.runLeaf(ParentRunner.java:271)
    [junit] 	at org.junit.runners.BlockJUnit4ClassRunner.runChild(BlockJUnit4ClassRunner.java:70)
    [junit] 	at org.junit.runners.BlockJUnit4ClassRunner.runChild(BlockJUnit4ClassRunner.java:50)
    [junit] 	at org.junit.runners.ParentRunner$3.run(ParentRunner.java:238)
    [junit] 	at org.junit.runners.ParentRunner$1.schedule(ParentRunner.java:63)
    [junit] 	at org.junit.runners.ParentRunner.runChildren(ParentRunner.java:236)
    [junit] 	at org.junit.runners.ParentRunner.access$000(ParentRunner.java:53)
    [junit] 	at org.junit.runners.ParentRunner$2.evaluate(ParentRunner.java:229)
    [junit] 	at org.junit.internal.runners.statements.RunBefores.evaluate(RunBefores.java:26)
    [junit] 	at org.junit.runners.ParentRunner.run(ParentRunner.java:309)
    [junit] 	at junit.framework.JUnit4TestAdapter.run(JUnit4TestAdapter.java:38)
    [junit] 	at org.apache.tools.ant.taskdefs.optional.junit.JUnitTestRunner.run(JUnitTestRunner.java:523)
    [junit] 	at org.apache.tools.ant.taskdefs.optional.junit.JUnitTestRunner.launch(JUnitTestRunner.java:1063)
    [junit] 	at org.apache.tools.ant.taskdefs.optional.junit.JUnitTestRunner.main(JUnitTestRunner.java:914)
    [junit] 
    [junit] Error: 
    [junit] Starting ChromeDriver 2.40.565383 (76257d1ab79276b2d53ee976b2c3e3b9f335cde7) on port 2175
    [junit] Only local connections are allowed.
    [junit] Aug 17, 2018 4:37:42 PM org.openqa.selenium.remote.ProtocolHandshake createSession
    [junit] INFO: Detected dialect: OSS
    [junit] 
    [junit] Test UITestCases.test.Checktext FAILED

BUILD SUCCESSFUL
Total time: 15 seconds
