<?xml version="1.0" encoding="UTF-8" ?>
<testsuite errors="0" failures="1" hostname="localhost.localdomain" name="UITestCases.admin.AddApplicationandFlow" skipped="0" tests="1" time="49.568" timestamp="2018-08-16T09:07:48">
  <properties>
    <property name="java.vendor" value="Oracle Corporation" />
    <property name="env.SELINUX_USE_CURRENT_RANGE" value="" />
    <property name="env.LESSOPEN" value="||/usr/bin/lesspipe.sh %s" />
    <property name="sun.java.launcher" value="SUN_STANDARD" />
    <property name="sun.management.compiler" value="HotSpot 64-Bit Tiered Compilers" />
    <property name="os.name" value="Linux" />
    <property name="sun.boot.class.path" value="/usr/lib/jvm/java-1.8.0-openjdk-1.8.0.181-3.b13.el7_5.x86_64/jre/lib/resources.jar:/usr/lib/jvm/java-1.8.0-openjdk-1.8.0.181-3.b13.el7_5.x86_64/jre/lib/rt.jar:/usr/lib/jvm/java-1.8.0-openjdk-1.8.0.181-3.b13.el7_5.x86_64/jre/lib/sunrsasign.jar:/usr/lib/jvm/java-1.8.0-openjdk-1.8.0.181-3.b13.el7_5.x86_64/jre/lib/jsse.jar:/usr/lib/jvm/java-1.8.0-openjdk-1.8.0.181-3.b13.el7_5.x86_64/jre/lib/jce.jar:/usr/lib/jvm/java-1.8.0-openjdk-1.8.0.181-3.b13.el7_5.x86_64/jre/lib/charsets.jar:/usr/lib/jvm/java-1.8.0-openjdk-1.8.0.181-3.b13.el7_5.x86_64/jre/lib/jfr.jar:/usr/lib/jvm/java-1.8.0-openjdk-1.8.0.181-3.b13.el7_5.x86_64/jre/classes" />
    <property name="env.PWD" value="/home/vagrant/test1/WhackaPodUIAuto" />
    <property name="env.LANG" value="en_US.UTF-8" />
    <property name="java.vm.specification.vendor" value="Oracle Corporation" />
    <property name="ant.home" value="/usr/share/ant" />
    <property name="java.runtime.version" value="1.8.0_181-b13" />
    <property name="env.HISTSIZE" value="1000" />
    <property name="user.name" value="vagrant" />
    <property name="env.USER" value="vagrant" />
    <property name="env.HISTCONTROL" value="ignoredups" />
    <property name="env.SHELL" value="/bin/bash" />
    <property name="env.SSH_TTY" value="/dev/pts/0" />
    <property name="ant.file.type.WhackaPodUIAuto" value="file" />
    <property name="env.PATH" value="/usr/local/bin:/usr/bin:/usr/local/sbin:/usr/sbin:/home/vagrant/.local/bin:/home/vagrant/bin" />
    <property name="user.language" value="en" />
    <property name="sun.boot.library.path" value="/usr/lib/jvm/java-1.8.0-openjdk-1.8.0.181-3.b13.el7_5.x86_64/jre/lib/amd64" />
    <property name="env.SSH_CONNECTION" value="10.0.2.2 10303 10.0.2.15 22" />
    <property name="ant.project.default-target" value="AddApplicationandFlow" />
    <property name="ant.project.name" value="WhackaPodUIAuto" />
    <property name="java.version" value="1.8.0_181" />
    <property name="env.SSH_CLIENT" value="10.0.2.2 10303 22" />
    <property name="user.timezone" value="" />
    <property name="sun.arch.data.model" value="64" />
    <property name="env.SELINUX_ROLE_REQUESTED" value="" />
    <property name="java.endorsed.dirs" value="/usr/lib/jvm/java-1.8.0-openjdk-1.8.0.181-3.b13.el7_5.x86_64/jre/lib/endorsed" />
    <property name="sun.cpu.isalist" value="" />
    <property name="sun.jnu.encoding" value="UTF-8" />
    <property name="file.encoding.pkg" value="sun.io" />
    <property name="env.SHLVL" value="1" />
    <property name="file.separator" value="/" />
    <property name="env.HOSTNAME" value="localhost.localdomain" />
    <property name="java.specification.name" value="Java Platform API Specification" />
    <property name="java.class.version" value="52.0" />
    <property name="user.country" value="US" />
    <property name="java.home" value="/usr/lib/jvm/java-1.8.0-openjdk-1.8.0.181-3.b13.el7_5.x86_64/jre" />
    <property name="java.vm.info" value="mixed mode" />
    <property name="env.LOGNAME" value="vagrant" />
    <property name="ant.file" value="/home/vagrant/test1/WhackaPodUIAuto/build.xml" />
    <property name="os.version" value="4.1.12-124.14.1.el7uek.x86_64" />
    <property name="path.separator" value=":" />
    <property name="java.vm.version" value="25.181-b13" />
    <property name="ant.library.dir" value="/usr/share/ant/lib" />
    <property name="junit.output.dir" value="junit" />
    <property name="java.awt.printerjob" value="sun.print.PSPrinterJob" />
    <property name="env.TERM" value="cygwin" />
    <property name="sun.io.unicode.encoding" value="UnicodeLittle" />
    <property name="awt.toolkit" value="sun.awt.X11.XToolkit" />
    <property name="user.home" value="/home/vagrant" />
    <property name="target" value="1.7" />
    <property name="java.specification.vendor" value="Oracle Corporation" />
    <property name="java.library.path" value="/usr/java/packages/lib/amd64:/usr/lib64:/lib64:/lib:/usr/lib" />
    <property name="java.vendor.url" value="http://java.oracle.com/" />
    <property name="java.vm.vendor" value="Oracle Corporation" />
    <property name="java.runtime.name" value="OpenJDK Runtime Environment" />
    <property name="sun.java.command" value="org.apache.tools.ant.taskdefs.optional.junit.JUnitTestRunner UITestCases.admin.AddApplicationandFlow filtertrace=true haltOnError=false haltOnFailure=false formatter=org.apache.tools.ant.taskdefs.optional.junit.OutErrSummaryJUnitResultFormatter showoutput=false outputtoformatters=true logfailedtests=true logtestlistenerevents=false formatter=org.apache.tools.ant.taskdefs.optional.junit.XMLJUnitResultFormatter,/home/vagrant/test1/WhackaPodUIAuto/junit/TEST-UITestCases.admin.AddApplicationandFlow.xml crashfile=/home/vagrant/test1/WhackaPodUIAuto/junitvmwatcher1850096443613065562.properties propsfile=/home/vagrant/test1/WhackaPodUIAuto/junit1108964352422299174.properties" />
    <property name="java.class.path" value="/home/vagrant/test1/WhackaPodUIAuto/bin:/home/vagrant/test1/WhackaPodUIAuto/lib/hamcrest-core-1.3.jar:/home/vagrant/test1/WhackaPodUIAuto/lib/hamcrest-core-1.3-javadoc.jar:/home/vagrant/test1/WhackaPodUIAuto/lib/hamcrest-core-1.3-sources.jar:/home/vagrant/test1/WhackaPodUIAuto/lib/junit-4.11.jar:/home/vagrant/test1/WhackaPodUIAuto/lib/junit-4.11-javadoc.jar:/home/vagrant/test1/WhackaPodUIAuto/lib/junit-4.11-sources.jar:/home/vagrant/test1/WhackaPodUIAuto/lib/jsch-0.1.51.jar:/home/vagrant/test1/WhackaPodUIAuto/lib/log4j-1.2.17.jar:/home/vagrant/test1/WhackaPodUIAuto/lib/ganymed-ssh2.jar:/home/vagrant/test1/WhackaPodUIAuto/lib/java-json.jar:/home/vagrant/test1/WhackaPodUIAuto/lib/javacsv-2.0.jar:/home/vagrant/test1/WhackaPodUIAuto/lib/jsoup-1.10.2.jar:/home/vagrant/test1/WhackaPodUIAuto/lib/selenium-server-standalone-3.3.1.jar:/home/vagrant/test1/WhackaPodUIAuto/lib/mysql-connector-java-5.1.42-bin.jar:/home/vagrant/test1/WhackaPodUIAuto/lib/oracle.http_client_11.1.1.jar:/home/vagrant/test1/WhackaPodUIAuto/lib/org.codehaus.jackson.core.asl_1.0.0.0_1-8-3.jar:/home/vagrant/test1/WhackaPodUIAuto/lib/org.codehaus.jackson.mapper.asl_1.0.0.0_1-8-3.jar:/usr/share/java/junit.jar:/usr/share/java/ant/ant-launcher.jar:/usr/share/java/ant/ant.jar:/usr/share/java/ant/ant-junit.jar:/usr/share/java/ant/ant-junit4.jar" />
    <property name="ant.version" value="Apache Ant(TM) version 1.9.2 compiled on April 30 2014" />
    <property name="env.XDG_SESSION_ID" value="3" />
    <property name="java.vm.specification.name" value="Java Virtual Machine Specification" />
    <property name="ant.file.type" value="file" />
    <property name="java.vm.specification.version" value="1.8" />
    <property name="sun.cpu.endian" value="little" />
    <property name="sun.os.patch.level" value="unknown" />
    <property name="debuglevel" value="source,lines,vars" />
    <property name="env.HOME" value="/home/vagrant" />
    <property name="java.io.tmpdir" value="/tmp" />
    <property name="env.LS_COLORS" value="rs=0:di=01;34:ln=01;36:mh=00:pi=40;33:so=01;35:do=01;35:bd=40;33;01:cd=40;33;01:or=40;31;01:mi=01;05;37;41:su=37;41:sg=30;43:ca=30;41:tw=30;42:ow=34;42:st=37;44:ex=01;32:*.tar=01;31:*.tgz=01;31:*.arc=01;31:*.arj=01;31:*.taz=01;31:*.lha=01;31:*.lz4=01;31:*.lzh=01;31:*.lzma=01;31:*.tlz=01;31:*.txz=01;31:*.tzo=01;31:*.t7z=01;31:*.zip=01;31:*.z=01;31:*.Z=01;31:*.dz=01;31:*.gz=01;31:*.lrz=01;31:*.lz=01;31:*.lzo=01;31:*.xz=01;31:*.bz2=01;31:*.bz=01;31:*.tbz=01;31:*.tbz2=01;31:*.tz=01;31:*.deb=01;31:*.rpm=01;31:*.jar=01;31:*.war=01;31:*.ear=01;31:*.sar=01;31:*.rar=01;31:*.alz=01;31:*.ace=01;31:*.zoo=01;31:*.cpio=01;31:*.7z=01;31:*.rz=01;31:*.cab=01;31:*.jpg=01;35:*.jpeg=01;35:*.gif=01;35:*.bmp=01;35:*.pbm=01;35:*.pgm=01;35:*.ppm=01;35:*.tga=01;35:*.xbm=01;35:*.xpm=01;35:*.tif=01;35:*.tiff=01;35:*.png=01;35:*.svg=01;35:*.svgz=01;35:*.mng=01;35:*.pcx=01;35:*.mov=01;35:*.mpg=01;35:*.mpeg=01;35:*.m2v=01;35:*.mkv=01;35:*.webm=01;35:*.ogm=01;35:*.mp4=01;35:*.m4v=01;35:*.mp4v=01;35:*.vob=01;35:*.qt=01;35:*.nuv=01;35:*.wmv=01;35:*.asf=01;35:*.rm=01;35:*.rmvb=01;35:*.flc=01;35:*.avi=01;35:*.fli=01;35:*.flv=01;35:*.gl=01;35:*.dl=01;35:*.xcf=01;35:*.xwd=01;35:*.yuv=01;35:*.cgm=01;35:*.emf=01;35:*.axv=01;35:*.anx=01;35:*.ogv=01;35:*.ogx=01;35:*.aac=01;36:*.au=01;36:*.flac=01;36:*.mid=01;36:*.midi=01;36:*.mka=01;36:*.mp3=01;36:*.mpc=01;36:*.ogg=01;36:*.ra=01;36:*.wav=01;36:*.axa=01;36:*.oga=01;36:*.spx=01;36:*.xspf=01;36:" />
    <property name="java.vendor.url.bug" value="http://bugreport.sun.com/bugreport/" />
    <property name="os.arch" value="amd64" />
    <property name="java.awt.graphicsenv" value="sun.awt.X11GraphicsEnvironment" />
    <property name="env.XDG_RUNTIME_DIR" value="/run/user/1000" />
    <property name="java.ext.dirs" value="/usr/lib/jvm/java-1.8.0-openjdk-1.8.0.181-3.b13.el7_5.x86_64/jre/lib/ext:/usr/java/packages/lib/ext" />
    <property name="user.dir" value="/home/vagrant/test1/WhackaPodUIAuto" />
    <property name="line.separator" value="&#xa;" />
    <property name="java.vm.name" value="OpenJDK 64-Bit Server VM" />
    <property name="basedir" value="/home/vagrant/test1/WhackaPodUIAuto" />
    <property name="ant.file.WhackaPodUIAuto" value="/home/vagrant/test1/WhackaPodUIAuto/build.xml" />
    <property name="ant.java.version" value="1.8" />
    <property name="env.SELINUX_LEVEL_REQUESTED" value="" />
    <property name="ant.core.lib" value="/usr/share/java/ant/ant.jar" />
    <property name="source" value="1.7" />
    <property name="file.encoding" value="UTF-8" />
    <property name="env.MAIL" value="/var/spool/mail/vagrant" />
    <property name="java.specification.version" value="1.8" />
    <property name="ant.project.invoked-targets" value="AddApplicationandFlow" />
  </properties>
  <testcase classname="UITestCases.admin.AddApplicationandFlow" name="test" time="44.508">
    <failure type="junit.framework.AssertionFailedError">junit.framework.AssertionFailedError
	at framework.sharedFunctions.Finish.fail(Finish.java:30)
	at UITestCases.BaseTestCase.fail(BaseTestCase.java:125)
	at UITestCases.admin.AddApplicationandFlow.test(AddApplicationandFlow.java:552)
</failure>
  </testcase>
  <system-out><![CDATA[09:07:48.617 [main] framework.global.Configuration.init(Configuration.java:56)evel Configuration Initializing...
09:07:48.639 [main] framework.global.Configuration.parseXML(Configuration.java:720)evel Reading server and Hardware info...
09:07:48.644 [main] framework.global.Configuration.parseXML(Configuration.java:750)evel ServerConfig.xml is parsed successfully.
09:07:48.645 [main] framework.global.Configuration.getlibrarydata(Configuration.java:833)evel Set SrvConfig successfully.
09:07:48.776 [main] framework.global.Configuration.init(Configuration.java:56)evel Configuration Initializing...
09:07:48.787 [main] framework.global.Configuration.parseXML(Configuration.java:720)evel Reading server and Hardware info...
09:07:48.789 [main] framework.global.Configuration.parseXML(Configuration.java:750)evel ServerConfig.xml is parsed successfully.
09:07:48.790 [main] framework.global.Configuration.getlibrarydata(Configuration.java:833)evel Set SrvConfig successfully.
09:07:48.792 [main] UITestCases.admin.AddApplicationandFlow.setUpBeforeClass(AddApplicationandFlow.java:43)evel use wercker to create application:
09:07:53.820 [main] UITestCases.admin.AddApplicationandFlow.test(AddApplicationandFlow.java:69)evel read file:
09:07:53.821 [main] UITestCases.admin.AddApplicationandFlow.test(AddApplicationandFlow.java:73)evel open wercher:
09:07:57.866 [main] UITestCases.admin.AddApplicationandFlow.test(AddApplicationandFlow.java:93)evel input the wercher username from file:
09:07:58.020 [main] UITestCases.admin.AddApplicationandFlow.test(AddApplicationandFlow.java:96)evel input the wercher password from file:
09:07:58.171 [main] UITestCases.admin.AddApplicationandFlow.test(AddApplicationandFlow.java:99)evel click the login wercher button:
09:08:08.322 [main] UITestCases.admin.AddApplicationandFlow.test(AddApplicationandFlow.java:114)evel if the authorize button display click it:
09:08:16.344 [main] UITestCases.admin.AddApplicationandFlow.test(AddApplicationandFlow.java:120)evel click the plus to create application:
09:08:16.470 [main] UITestCases.admin.AddApplicationandFlow.test(AddApplicationandFlow.java:122)evel dropdown list choose create application:
09:08:29.577 [main] UITestCases.admin.AddApplicationandFlow.test(AddApplicationandFlow.java:127)evel click select scm GitHub :
09:08:32.757 [main] UITestCases.admin.AddApplicationandFlow.test(AddApplicationandFlow.java:133)evel click select scm GitHub page next button:
09:08:37.853 [main] UITestCases.admin.AddApplicationandFlow.test(AddApplicationandFlow.java:136)evel select repository:
09:08:38.200 [main] exception.UnExpectedException.<init>(UnExpectedException.java:19)evel Errors on verification.
09:08:38.202 [main] exception.UnExpectedException.<init>(UnExpectedException.java:20)evel 20180816-090838_UITestCases.admin.AddApplicationandFlow.png
09:08:38.208 [main] exception.UnExpectedException.<init>(UnExpectedException.java:21)evel no such element: Unable to locate element: {"method":"xpath","selector":".//*[@id='page']/div/div/div/div/div/div[2]/div[2]/div/div[2]/div[2]/div/div/div[2]/div[1]/div/div/div/div/div/div[1]/span/strong"}
  (Session info: headless chrome=68.0.3440.106)
  (Driver info: chromedriver=2.40.565383 (76257d1ab79276b2d53ee976b2c3e3b9f335cde7),platform=Linux 4.1.12-124.14.1.el7uek.x86_64 x86_64) (WARNING: The server did not provide any stacktrace information)
Command duration or timeout: 35 milliseconds
For documentation on this error, please visit: http://seleniumhq.org/exceptions/no_such_element.html
Build info: version: '3.3.1', revision: '5234b32', time: '2017-03-10 09:04:52 -0800'
System info: host: 'localhost.localdomain', ip: '127.0.0.1', os.name: 'Linux', os.arch: 'amd64', os.version: '4.1.12-124.14.1.el7uek.x86_64', java.version: '1.8.0_181'
Driver info: org.openqa.selenium.chrome.ChromeDriver
Capabilities [{applicationCacheEnabled=false, rotatable=false, mobileEmulationEnabled=false, networkConnectionEnabled=false, chrome={chromedriverVersion=2.40.565383 (76257d1ab79276b2d53ee976b2c3e3b9f335cde7), userDataDir=/tmp/.org.chromium.Chromium.zZALCC}, takesHeapSnapshot=true, pageLoadStrategy=normal, databaseEnabled=false, handlesAlerts=true, hasTouchScreen=false, version=68.0.3440.106, platform=LINUX, browserConnectionEnabled=false, nativeEvents=true, acceptSslCerts=false, acceptInsecureCerts=false, locationContextEnabled=true, webStorageEnabled=true, browserName=chrome, takesScreenshot=true, javascriptEnabled=true, cssSelectorsEnabled=true, setWindowRect=true, unexpectedAlertBehaviour=}]
Session ID: 9be0530dec7647c19f6b58001195b059
*** Element info: {Using=xpath, value=.//*[@id='page']/div/div/div/div/div/div[2]/div[2]/div/div[2]/div[2]/div/div/div[2]/div[1]/div/div/div/div/div/div[1]/span/strong}
org.openqa.selenium.NoSuchElementException: no such element: Unable to locate element: {"method":"xpath","selector":".//*[@id='page']/div/div/div/div/div/div[2]/div[2]/div/div[2]/div[2]/div/div/div[2]/div[1]/div/div/div/div/div/div[1]/span/strong"}
  (Session info: headless chrome=68.0.3440.106)
  (Driver info: chromedriver=2.40.565383 (76257d1ab79276b2d53ee976b2c3e3b9f335cde7),platform=Linux 4.1.12-124.14.1.el7uek.x86_64 x86_64) (WARNING: The server did not provide any stacktrace information)
Command duration or timeout: 35 milliseconds
For documentation on this error, please visit: http://seleniumhq.org/exceptions/no_such_element.html
Build info: version: '3.3.1', revision: '5234b32', time: '2017-03-10 09:04:52 -0800'
System info: host: 'localhost.localdomain', ip: '127.0.0.1', os.name: 'Linux', os.arch: 'amd64', os.version: '4.1.12-124.14.1.el7uek.x86_64', java.version: '1.8.0_181'
Driver info: org.openqa.selenium.chrome.ChromeDriver
Capabilities [{applicationCacheEnabled=false, rotatable=false, mobileEmulationEnabled=false, networkConnectionEnabled=false, chrome={chromedriverVersion=2.40.565383 (76257d1ab79276b2d53ee976b2c3e3b9f335cde7), userDataDir=/tmp/.org.chromium.Chromium.zZALCC}, takesHeapSnapshot=true, pageLoadStrategy=normal, databaseEnabled=false, handlesAlerts=true, hasTouchScreen=false, version=68.0.3440.106, platform=LINUX, browserConnectionEnabled=false, nativeEvents=true, acceptSslCerts=false, acceptInsecureCerts=false, locationContextEnabled=true, webStorageEnabled=true, browserName=chrome, takesScreenshot=true, javascriptEnabled=true, cssSelectorsEnabled=true, setWindowRect=true, unexpectedAlertBehaviour=}]
Session ID: 9be0530dec7647c19f6b58001195b059
*** Element info: {Using=xpath, value=.//*[@id='page']/div/div/div/div/div/div[2]/div[2]/div/div[2]/div[2]/div/div/div[2]/div[1]/div/div/div/div/div/div[1]/span/strong}
	at sun.reflect.NativeConstructorAccessorImpl.newInstance0(Native Method)
	at sun.reflect.NativeConstructorAccessorImpl.newInstance(NativeConstructorAccessorImpl.java:62)
	at sun.reflect.DelegatingConstructorAccessorImpl.newInstance(DelegatingConstructorAccessorImpl.java:45)
	at java.lang.reflect.Constructor.newInstance(Constructor.java:423)
	at org.openqa.selenium.remote.ErrorHandler.createThrowable(ErrorHandler.java:216)
	at org.openqa.selenium.remote.ErrorHandler.throwIfResponseFailed(ErrorHandler.java:168)
	at org.openqa.selenium.remote.RemoteWebDriver.execute(RemoteWebDriver.java:638)
	at org.openqa.selenium.remote.RemoteWebDriver.findElement(RemoteWebDriver.java:371)
	at org.openqa.selenium.remote.RemoteWebDriver.findElementByXPath(RemoteWebDriver.java:476)
	at org.openqa.selenium.By$ByXPath.findElement(By.java:361)
	at org.openqa.selenium.remote.RemoteWebDriver.findElement(RemoteWebDriver.java:363)
	at UITestCases.admin.AddApplicationandFlow.test(AddApplicationandFlow.java:139)
	at sun.reflect.NativeMethodAccessorImpl.invoke0(Native Method)
	at sun.reflect.NativeMethodAccessorImpl.invoke(NativeMethodAccessorImpl.java:62)
	at sun.reflect.DelegatingMethodAccessorImpl.invoke(DelegatingMethodAccessorImpl.java:43)
	at java.lang.reflect.Method.invoke(Method.java:498)
	at org.junit.runners.model.FrameworkMethod$1.runReflectiveCall(FrameworkMethod.java:47)
	at org.junit.internal.runners.model.ReflectiveCallable.run(ReflectiveCallable.java:12)
	at org.junit.runners.model.FrameworkMethod.invokeExplosively(FrameworkMethod.java:44)
	at org.junit.internal.runners.statements.InvokeMethod.evaluate(InvokeMethod.java:17)
	at org.junit.internal.runners.statements.RunBefores.evaluate(RunBefores.java:26)
	at org.junit.runners.ParentRunner.runLeaf(ParentRunner.java:271)
	at org.junit.runners.BlockJUnit4ClassRunner.runChild(BlockJUnit4ClassRunner.java:70)
	at org.junit.runners.BlockJUnit4ClassRunner.runChild(BlockJUnit4ClassRunner.java:50)
	at org.junit.runners.ParentRunner$3.run(ParentRunner.java:238)
	at org.junit.runners.ParentRunner$1.schedule(ParentRunner.java:63)
	at org.junit.runners.ParentRunner.runChildren(ParentRunner.java:236)
	at org.junit.runners.ParentRunner.access$000(ParentRunner.java:53)
	at org.junit.runners.ParentRunner$2.evaluate(ParentRunner.java:229)
	at org.junit.internal.runners.statements.RunBefores.evaluate(RunBefores.java:26)
	at org.junit.runners.ParentRunner.run(ParentRunner.java:309)
	at junit.framework.JUnit4TestAdapter.run(JUnit4TestAdapter.java:38)
	at org.apache.tools.ant.taskdefs.optional.junit.JUnitTestRunner.run(JUnitTestRunner.java:523)
	at org.apache.tools.ant.taskdefs.optional.junit.JUnitTestRunner.launch(JUnitTestRunner.java:1063)
	at org.apache.tools.ant.taskdefs.optional.junit.JUnitTestRunner.main(JUnitTestRunner.java:914)
]]></system-out>
  <system-err><![CDATA[Starting ChromeDriver 2.40.565383 (76257d1ab79276b2d53ee976b2c3e3b9f335cde7) on port 6392
Only local connections are allowed.
Aug 16, 2018 9:07:48 AM org.openqa.selenium.remote.ProtocolHandshake createSession
INFO: Detected dialect: OSS
java.io.FileNotFoundException: /home/vagrant/omstk/terraform/keys/oci_api_key2.pem (No such file or directory)
	at java.io.FileInputStream.open0(Native Method)
	at java.io.FileInputStream.open(FileInputStream.java:195)
	at java.io.FileInputStream.<init>(FileInputStream.java:138)
	at UITestCases.admin.AddApplicationandFlow.test(AddApplicationandFlow.java:82)
	at sun.reflect.NativeMethodAccessorImpl.invoke0(Native Method)
	at sun.reflect.NativeMethodAccessorImpl.invoke(NativeMethodAccessorImpl.java:62)
	at sun.reflect.DelegatingMethodAccessorImpl.invoke(DelegatingMethodAccessorImpl.java:43)
	at java.lang.reflect.Method.invoke(Method.java:498)
	at org.junit.runners.model.FrameworkMethod$1.runReflectiveCall(FrameworkMethod.java:47)
	at org.junit.internal.runners.model.ReflectiveCallable.run(ReflectiveCallable.java:12)
	at org.junit.runners.model.FrameworkMethod.invokeExplosively(FrameworkMethod.java:44)
	at org.junit.internal.runners.statements.InvokeMethod.evaluate(InvokeMethod.java:17)
	at org.junit.internal.runners.statements.RunBefores.evaluate(RunBefores.java:26)
	at org.junit.runners.ParentRunner.runLeaf(ParentRunner.java:271)
	at org.junit.runners.BlockJUnit4ClassRunner.runChild(BlockJUnit4ClassRunner.java:70)
	at org.junit.runners.BlockJUnit4ClassRunner.runChild(BlockJUnit4ClassRunner.java:50)
	at org.junit.runners.ParentRunner$3.run(ParentRunner.java:238)
	at org.junit.runners.ParentRunner$1.schedule(ParentRunner.java:63)
	at org.junit.runners.ParentRunner.runChildren(ParentRunner.java:236)
	at org.junit.runners.ParentRunner.access$000(ParentRunner.java:53)
	at org.junit.runners.ParentRunner$2.evaluate(ParentRunner.java:229)
	at org.junit.internal.runners.statements.RunBefores.evaluate(RunBefores.java:26)
	at org.junit.runners.ParentRunner.run(ParentRunner.java:309)
	at junit.framework.JUnit4TestAdapter.run(JUnit4TestAdapter.java:38)
	at org.apache.tools.ant.taskdefs.optional.junit.JUnitTestRunner.run(JUnitTestRunner.java:523)
	at org.apache.tools.ant.taskdefs.optional.junit.JUnitTestRunner.launch(JUnitTestRunner.java:1063)
	at org.apache.tools.ant.taskdefs.optional.junit.JUnitTestRunner.main(JUnitTestRunner.java:914)
]]></system-err>
</testsuite>
